1495631197340	geckodriver	INFO	Listening on 127.0.0.1:6215
1495631199393	geckodriver::marionette	INFO	Starting browser \\?\C:\Install\Tools\Firefox Developer Edition\firefox.exe with args ["-marionette"]
1495631200110	addons.manager	ERROR	startup failed: [Exception... "Component returned failure code: 0x80070057 (NS_ERROR_ILLEGAL_VALUE) [nsIFile.create]"  nsresult: "0x80070057 (NS_ERROR_ILLEGAL_VALUE)"  location: "JS frame :: resource://gre/modules/FileUtils.jsm :: FileUtils_getDir :: line 70"  data: no] Stack trace: FileUtils_getDir()@resource://gre/modules/FileUtils.jsm:70 < FileUtils_getFile()@resource://gre/modules/FileUtils.jsm:42 < validateBlocklist()@resource://gre/modules/AddonManager.jsm:674 < startup()@resource://gre/modules/AddonManager.jsm:837 < startup()@resource://gre/modules/AddonManager.jsm:3145 < observe()@resource://gre/components/addonManager.js:65
JavaScript error: resource://gre/modules/AddonManager.jsm, line 1657: NS_ERROR_NOT_INITIALIZED: AddonManager is not initialized
JavaScript error: resource://gre/modules/AddonManager.jsm, line 1761: NS_ERROR_NOT_INITIALIZED: AddonManager is not initialized
[Child 10848] WARNING: pipe error: 109: file c:/builds/moz2_slave/m-aurora-w64-ntly-000000000000/build/src/ipc/chromium/src/chrome/common/ipc_channel_win.cc, line 346
[Child 10848] WARNING: pipe error: 109: file c:/builds/moz2_slave/m-aurora-w64-ntly-000000000000/build/src/ipc/chromium/src/chrome/common/ipc_channel_win.cc, line 346
1495631203198	Marionette	INFO	Listening on port 6221
JavaScript error: resource://gre/modules/AddonManager.jsm, line 2572: NS_ERROR_NOT_INITIALIZED: AddonManager is not initialized
1495631203561	Marionette	WARN	TLS certificate errors will be ignored for this session
JavaScript error: resource://app/modules/WindowsJumpLists.jsm, line 403: NS_ERROR_FILE_NOT_FOUND: Component returned failure code: 0x80520012 (NS_ERROR_FILE_NOT_FOUND) [nsIJumpListShortcut.app]
JavaScript error: resource://app/modules/WindowsJumpLists.jsm, line 403: NS_ERROR_FILE_NOT_FOUND: Component returned failure code: 0x80520012 (NS_ERROR_FILE_NOT_FOUND) [nsIJumpListShortcut.app]
JavaScript error: resource://app/modules/WindowsJumpLists.jsm, line 403: NS_ERROR_FILE_NOT_FOUND: Component returned failure code: 0x80520012 (NS_ERROR_FILE_NOT_FOUND) [nsIJumpListShortcut.app]
JavaScript error: resource://app/modules/WindowsJumpLists.jsm, line 403: NS_ERROR_FILE_NOT_FOUND: Component returned failure code: 0x80520012 (NS_ERROR_FILE_NOT_FOUND) [nsIJumpListShortcut.app]
[GPU 7540] WARNING: pipe error: 109: file c:/builds/moz2_slave/m-aurora-w64-ntly-000000000000/build/src/ipc/chromium/src/chrome/common/ipc_channel_win.cc, line 346
[Child 4404] WARNING: pipe error: 109: file c:/builds/moz2_slave/m-aurora-w64-ntly-000000000000/build/src/ipc/chromium/src/chrome/common/ipc_channel_win.cc, line 346
[Child 4404] WARNING: pipe error: 109: file c:/builds/moz2_slave/m-aurora-w64-ntly-000000000000/build/src/ipc/chromium/src/chrome/common/ipc_channel_win.cc, line 346
1495631697307	Marionette	INFO	Ceased listening

###!!! [Child][MessageChannel::SendAndWait] Error: Channel error: cannot send/recv

ve()@resource://gre/components/addonManager.js:65
JavaScript error: resource://gre/modules/AddonManager.jsm, line 1657: NS_ERROR_NOT_INITIALIZED: AddonManager is not initialized
JavaScript error: resource://gre/modules/AddonManager.jsm, line 1761: NS_ERROR_NOT_INITIALIZED: AddonManager is not initialized
[GPU 10308] WARNING: pipe error: 109: file c:/builds/moz2_slave/m-aurora-w64-ntly-000000000000/build/src/ipc/chromium/src/chrome/common/ipc_channel_win.cc, line 346
[Child 15168] WARNING: pipe error: 109: file c:/builds/moz2_slave/m-aurora-w64-ntly-000000000000/build/src/ipc/chromium/src/chrome/common/ipc_channel_win.cc, line 346
1495631579208	Marionette	INFO	Listening on port 6330
JavaScript error: resource://gre/modules/AddonManager.jsm, line 2572: NS_ERROR_NOT_INITIALIZED: AddonManager is not initialized
1495631579680	Marionette	WARN	TLS certificate errors will be ignored for this session
[GPU 10308] WARNING: pipe error: 109: file c:/builds/moz2_slave/m-aurora-w64-ntly-000000000000/build/src/ipc/chromium/src/chrome/common/ipc_channel_win.cc, line 346
[Child 11500] WARNING: pipe error: 109: file c:/builds/moz2_slave/m-aurora-w64-ntly-000000000000/build/src/ipc/chromium/src/chrome/common/ipc_channel_win.cc, line 346
[Child 11500] WARNING: pipe error: 109: file c:/builds/moz2_slave/m-aurora-w64-ntly-000000000000/build/src/ipc/chromium/src/chrome/common/ipc_channel_win.cc, line 346
1495631696066	Marionette	INFO	Ceased listening

###!!! [Child][MessageChannel::SendAndWait] Error: Channel error: cannot send/recv

